<?xml version="1.0" encoding="UTF-8"?>
<!-- Generated by org.testng.reporters.JUnitXMLReporter -->
<testsuite ignored="0" hostname="Kirti3146839" failures="0" tests="4" name="Default test" time="93.613" errors="0" timestamp="2022-06-24T13:34:59 IST">
  <testcase classname="secondPackage.GmailTest" name="loginGmail" time="13.559"/>
  <testcase classname="secondPackage.HomeTest" name="basePageNavigation" time="20.451"/>
  <testcase classname="secondPackage.HomeTest" name="basePageNavigation" time="14.733"/>
  <testcase classname="secondPackage.HomeTest" name="print" time="23.109"/>
</testsuite> <!-- Default test -->
