<?xml version="1.0" encoding="UTF-8"?>
<!-- Generated by org.testng.reporters.JUnitXMLReporter -->
<testsuite ignored="0" hostname="Kirti3146839" failures="0" tests="3" name="Smoke Suite Chrome Local PC" time="35.62" errors="0" timestamp="2022-06-23T15:32:19 IST">
  <testcase classname="secondPackage.HomeTest" name="basePageNavigation" time="8.101"/>
  <testcase classname="secondPackage.HomeTest" name="basePageNavigation" time="5.114"/>
  <testcase classname="secondPackage.HomeTest" name="print" time="10.435"/>
</testsuite> <!-- Smoke Suite Chrome Local PC -->
